<?xml version="1.0" encoding="UTF-8"?>
<!-- Generated by org.testng.reporters.JUnitXMLReporter -->
<testsuite ignored="0" hostname="Poonam-6" failures="0" tests="5" name="Default test" time="46.877" errors="0" timestamp="2024-07-30T10:25:20 IST">
  <testcase classname="com.crm.listeners1.DemoWebShops" name="digitalDownload" time="11.008"/>
  <testcase classname="com.crm.listeners1.DemoWebShops" name="facebook" time="12.973"/>
  <testcase classname="com.crm.listeners1.DemoWebShops" name="gifts" time="0.002"/>
  <testcase classname="com.crm.listeners1.DemoWebShops" name="twitter" time="10.875"/>
  <testcase classname="com.crm.listeners1.DemoWebShops" name="xlinks" time="5.058"/>
</testsuite> <!-- Default test -->
