<?xml version="1.0" encoding="UTF-8"?>
<!-- Generated by org.testng.reporters.JUnitXMLReporter -->
<testsuite ignored="0" hostname="Poonam-6" failures="0" tests="4" name="Test" time="32.619" errors="0" timestamp="2024-07-20T10:51:34 IST">
  <testcase classname="Bikes.KawaskiBike" name="Kawaski" time="7.199"/>
  <testcase classname="Bikes.KTMBike" name="KTM" time="5.509"/>
  <testcase classname="Shoes.AdidasShoe" name="Adidas" time="5.491"/>
  <testcase classname="Shoes.BataShoe" name="Bata" time="14.354"/>
</testsuite> <!-- Test -->
