<?xml version="1.0" encoding="UTF-8"?>
<!-- Generated by org.testng.reporters.JUnitXMLReporter -->
<testsuite ignored="0" hostname="Poonam-6" failures="0" tests="10" name="Test2" time="74.78" errors="0" timestamp="2024-07-11T11:38:44 IST">
  <testcase classname="Bikes.BMWBike" name="Kawaski" time="5.411"/>
  <testcase classname="Bikes.KawaskiBike" name="Kawaski" time="5.524"/>
  <testcase classname="Bikes.SuzukiAccess" name="Suzuki" time="5.905"/>
  <testcase classname="Bikes.KTMBike" name="KTM" time="3.515"/>
  <testcase classname="Shoes.AdidasShoe" name="Adidas" time="5.747"/>
  <testcase classname="Bikes.RoyalEnfield" name="Royal" time="8.966"/>
  <testcase classname="Shoes.BataShoe" name="Bata" time="13.843"/>
  <testcase classname="Shoes.NikeShoe" name="Nike" time="7.358"/>
  <testcase classname="Shoes.PumaShoe" name="Puma" time="11.041"/>
  <testcase classname="Shoes.ReebokShoe" name="Reebok" time="7.445"/>
</testsuite> <!-- Test2 -->
