<?xml version="1.0" encoding="UTF-8"?>
<!-- Generated by org.testng.reporters.JUnitXMLReporter -->
<testsuite ignored="0" hostname="Poonam-6" failures="0" tests="10" name="Test1" time="64.299" errors="0" timestamp="2024-07-11T11:37:29 IST">
  <testcase classname="Bikes.BMWBike" name="Kawaski" time="5.372"/>
  <testcase classname="Bikes.KawaskiBike" name="Kawaski" time="5.737"/>
  <testcase classname="Bikes.SuzukiAccess" name="Suzuki" time="5.533"/>
  <testcase classname="Bikes.KTMBike" name="KTM" time="5.105"/>
  <testcase classname="Shoes.AdidasShoe" name="Adidas" time="4.888"/>
  <testcase classname="Bikes.RoyalEnfield" name="Royal" time="6.891"/>
  <testcase classname="Shoes.BataShoe" name="Bata" time="6.733"/>
  <testcase classname="Shoes.NikeShoe" name="Nike" time="8.154"/>
  <testcase classname="Shoes.PumaShoe" name="Puma" time="6.933"/>
  <testcase classname="Shoes.ReebokShoe" name="Reebok" time="8.888"/>
</testsuite> <!-- Test1 -->
