<?xml version="1.0" encoding="UTF-8"?>
<testng-results ignored="0" total="5" passed="5" failed="0" skipped="0">
  <reporter-output>
    <line>
      <![CDATA[onStart]]>
    </line>
    <line>
      <![CDATA[onTestStart]]>
    </line>
    <line>
      <![CDATA[onTestSuccess]]>
    </line>
    <line>
      <![CDATA[onTestStart]]>
    </line>
    <line>
      <![CDATA[onTestSuccess]]>
    </line>
    <line>
      <![CDATA[onTestStart]]>
    </line>
    <line>
      <![CDATA[onTestSuccess]]>
    </line>
    <line>
      <![CDATA[onTestStart]]>
    </line>
    <line>
      <![CDATA[onTestSuccess]]>
    </line>
    <line>
      <![CDATA[onTestStart]]>
    </line>
    <line>
      <![CDATA[onTestSuccess]]>
    </line>
  </reporter-output>
  <suite started-at="2024-07-30T10:24:33 IST" name="Default suite" finished-at="2024-07-30T10:25:20 IST" duration-ms="46877">
    <groups>
    </groups>
    <test started-at="2024-07-30T10:24:33 IST" name="Default test" finished-at="2024-07-30T10:25:20 IST" duration-ms="46877">
      <class name="com.crm.listeners1.DemoWebShops">
        <test-method is-config="true" signature="launch()[pri:0, instance:com.crm.listeners1.DemoWebShops@217ed35e]" started-at="2024-07-30T10:24:33 IST" name="launch" finished-at="2024-07-30T10:24:40 IST" duration-ms="6890" status="PASS">
          <reporter-output>
          </reporter-output>
        </test-method> <!-- launch -->
        <test-method is-config="true" signature="login()[pri:0, instance:com.crm.listeners1.DemoWebShops@217ed35e]" started-at="2024-07-30T10:24:40 IST" name="login" finished-at="2024-07-30T10:24:40 IST" duration-ms="0" status="PASS">
          <reporter-output>
          </reporter-output>
        </test-method> <!-- login -->
        <test-method signature="digitalDownload()[pri:0, instance:com.crm.listeners1.DemoWebShops@217ed35e]" started-at="2024-07-30T10:24:40 IST" name="digitalDownload" finished-at="2024-07-30T10:24:51 IST" duration-ms="11008" status="PASS">
          <reporter-output>
            <line>
              <![CDATA[onTestStart]]>
            </line>
            <line>
              <![CDATA[onTestSuccess]]>
            </line>
          </reporter-output>
        </test-method> <!-- digitalDownload -->
        <test-method is-config="true" signature="logout()[pri:0, instance:com.crm.listeners1.DemoWebShops@217ed35e]" started-at="2024-07-30T10:24:51 IST" name="logout" finished-at="2024-07-30T10:24:51 IST" duration-ms="0" status="PASS">
          <reporter-output>
          </reporter-output>
        </test-method> <!-- logout -->
        <test-method is-config="true" signature="login()[pri:0, instance:com.crm.listeners1.DemoWebShops@217ed35e]" started-at="2024-07-30T10:24:51 IST" name="login" finished-at="2024-07-30T10:24:51 IST" duration-ms="1" status="PASS">
          <reporter-output>
          </reporter-output>
        </test-method> <!-- login -->
        <test-method signature="facebook()[pri:0, instance:com.crm.listeners1.DemoWebShops@217ed35e]" started-at="2024-07-30T10:24:51 IST" name="facebook" finished-at="2024-07-30T10:25:04 IST" duration-ms="12973" status="PASS">
          <reporter-output>
            <line>
              <![CDATA[onTestStart]]>
            </line>
            <line>
              <![CDATA[onTestSuccess]]>
            </line>
          </reporter-output>
        </test-method> <!-- facebook -->
        <test-method is-config="true" signature="logout()[pri:0, instance:com.crm.listeners1.DemoWebShops@217ed35e]" started-at="2024-07-30T10:25:04 IST" name="logout" finished-at="2024-07-30T10:25:04 IST" duration-ms="1" status="PASS">
          <reporter-output>
          </reporter-output>
        </test-method> <!-- logout -->
        <test-method is-config="true" signature="login()[pri:0, instance:com.crm.listeners1.DemoWebShops@217ed35e]" started-at="2024-07-30T10:25:04 IST" name="login" finished-at="2024-07-30T10:25:04 IST" duration-ms="1" status="PASS">
          <reporter-output>
          </reporter-output>
        </test-method> <!-- login -->
        <test-method signature="gifts()[pri:0, instance:com.crm.listeners1.DemoWebShops@217ed35e]" started-at="2024-07-30T10:25:04 IST" name="gifts" finished-at="2024-07-30T10:25:04 IST" duration-ms="2" status="PASS">
          <reporter-output>
            <line>
              <![CDATA[onTestStart]]>
            </line>
            <line>
              <![CDATA[onTestSuccess]]>
            </line>
          </reporter-output>
        </test-method> <!-- gifts -->
        <test-method is-config="true" signature="logout()[pri:0, instance:com.crm.listeners1.DemoWebShops@217ed35e]" started-at="2024-07-30T10:25:04 IST" name="logout" finished-at="2024-07-30T10:25:04 IST" duration-ms="0" status="PASS">
          <reporter-output>
          </reporter-output>
        </test-method> <!-- logout -->
        <test-method signature="twitter()[pri:0, instance:com.crm.listeners1.DemoWebShops@217ed35e]" started-at="2024-07-30T10:25:04 IST" name="twitter" finished-at="2024-07-30T10:25:15 IST" duration-ms="10875" status="PASS">
          <reporter-output>
            <line>
              <![CDATA[onTestStart]]>
            </line>
            <line>
              <![CDATA[onTestSuccess]]>
            </line>
          </reporter-output>
        </test-method> <!-- twitter -->
        <test-method is-config="true" signature="login()[pri:0, instance:com.crm.listeners1.DemoWebShops@217ed35e]" started-at="2024-07-30T10:25:04 IST" name="login" finished-at="2024-07-30T10:25:04 IST" duration-ms="0" status="PASS">
          <reporter-output>
          </reporter-output>
        </test-method> <!-- login -->
        <test-method is-config="true" signature="logout()[pri:0, instance:com.crm.listeners1.DemoWebShops@217ed35e]" started-at="2024-07-30T10:25:15 IST" name="logout" finished-at="2024-07-30T10:25:15 IST" duration-ms="1" status="PASS">
          <reporter-output>
          </reporter-output>
        </test-method> <!-- logout -->
        <test-method signature="xlinks()[pri:0, instance:com.crm.listeners1.DemoWebShops@217ed35e]" started-at="2024-07-30T10:25:15 IST" name="xlinks" finished-at="2024-07-30T10:25:20 IST" duration-ms="5058" status="PASS">
          <reporter-output>
            <line>
              <![CDATA[onTestStart]]>
            </line>
            <line>
              <![CDATA[onTestSuccess]]>
            </line>
          </reporter-output>
        </test-method> <!-- xlinks -->
        <test-method is-config="true" signature="login()[pri:0, instance:com.crm.listeners1.DemoWebShops@217ed35e]" started-at="2024-07-30T10:25:15 IST" name="login" finished-at="2024-07-30T10:25:15 IST" duration-ms="0" status="PASS">
          <reporter-output>
          </reporter-output>
        </test-method> <!-- login -->
        <test-method is-config="true" signature="logout()[pri:0, instance:com.crm.listeners1.DemoWebShops@217ed35e]" started-at="2024-07-30T10:25:20 IST" name="logout" finished-at="2024-07-30T10:25:20 IST" duration-ms="0" status="PASS">
          <reporter-output>
          </reporter-output>
        </test-method> <!-- logout -->
      </class> <!-- com.crm.listeners1.DemoWebShops -->
    </test> <!-- Default test -->
  </suite> <!-- Default suite -->
</testng-results>
